<?xml version="1.0" encoding="UTF-8"?>
<!-- Generated by org.testng.reporters.JUnitReportReporter -->
<testsuite hostname="A_Karajeh" failures="0" tests="6" name="AlmosaferWebSite.MyTestCses" time="3.999" errors="0" timestamp="2024-03-16T23:27:39 EET" skipped="0">
  <testcase classname="AlmosaferWebSite.MyTestCses" name="CheckTheDefultLanaguage" time="0.151"/>
  <system-out/>
  <testcase classname="AlmosaferWebSite.MyTestCses" name="CheckTheDefultCurrencyIsSAR" time="1.064"/>
  <system-out/>
  <testcase classname="AlmosaferWebSite.MyTestCses" name="CheckContactNumber" time="0.225"/>
  <system-out/>
  <testcase classname="AlmosaferWebSite.MyTestCses" name="QitafLogo" time="0.560"/>
  <system-out/>
  <testcase classname="AlmosaferWebSite.MyTestCses" name="CheckTheHotelTabIsNotSelected" time="0.422"/>
  <system-out/>
  <testcase classname="AlmosaferWebSite.MyTestCses" name="RandomMethodToChangeLanguage" time="1.577"/>
  <system-out/>
</testsuite> <!-- AlmosaferWebSite.MyTestCses -->
